[INFO ] 2026-03-17 21:47:04 [com.cadence.mdv.imc.Main] [main] - Binding debug tools http on port: 46749
[INFO ] 2026-03-17 21:56:28 [com.cadence.mdv.imc.Main] [main] - Binding debug tools http on port: 43459
[INFO ] 2026-03-17 21:58:53 [com.cadence.mdv.imc.Main] [main] - Binding debug tools http on port: 34125
[INFO ] 2026-03-17 22:00:50 [com.cadence.mdv.imc.Main] [main] - Binding debug tools http on port: 38027
[INFO ] 2026-03-17 22:01:13 [com.cadence.mdv.imc.Main] [main] - Binding debug tools http on port: 41611
[INFO ] 2026-03-17 22:01:54 [com.cadence.mdv.imc.Main] [main] - Binding debug tools http on port: 44537
[INFO ] 2026-03-17 22:02:46 [com.cadence.mdv.imc.Main] [main] - Binding debug tools http on port: 46803
[ERROR] 2026-03-17 22:02:46 [com.cadence.mdv.cli.engine.CLIEnvironment] [BLNativeThread-1] - command reportMetricsIMC failed

com.cadence.mdv.exceptions.ReportDirExistException: report dir already exist
	at com.cadence.mdv.report.MDVReportServicesImpl.prepareDirectory(MDVReportServicesImpl.java:3269)
	at com.cadence.mdv.report.MDVReportServicesImpl.generateDynamicMetricsReport(MDVReportServicesImpl.java:694)
	at com.cadence.mdv.report.MDVReportServicesImpl.generateMetricsReport(MDVReportServicesImpl.java:915)
	at com.cadence.mdv.report.MDVReportServicesImpl.generateMetricsReport(MDVReportServicesImpl.java:997)
	at com.cadence.mdv.cli.commands.ReportMetricsIMCCmd.internalInvoke(ReportMetricsIMCCmd.java:84)
	at com.cadence.mdv.cli.commands.BaseCliJavaCMD.invoke(BaseCliJavaCMD.java:152)
	at com.cadence.mdv.cli.commands.BaseCliJavaCMD.invoke(BaseCliJavaCMD.java:157)
	at com.cadence.mdv.cli.engine.CLIEnvironment.runJavaCmd(CLIEnvironment.java:235)
	at com.cadence.mdv.bl.impl.core.blNative.BLNative.runCommandNative(Native Method)
	at com.cadence.mdv.bl.impl.core.blNative.BLNative$83.callInternal(BLNative.java:1862)
	at com.cadence.mdv.util.CallableWithSource.call(CallableWithSource.java:25)
	at com.cadence.mdv.central.tools.SystemInterThreadCommXRegistry.lambda$wrap$1(SystemInterThreadCommXRegistry.java:61)
	at java.base/java.util.concurrent.FutureTask.run(FutureTask.java:264)
	at java.base/java.util.concurrent.ThreadPoolExecutor.runWorker(ThreadPoolExecutor.java:1136)
	at java.base/java.util.concurrent.ThreadPoolExecutor$Worker.run(ThreadPoolExecutor.java:635)
	at java.base/java.lang.Thread.run(Thread.java:833)
[ERROR] 2026-03-17 22:02:46 [com.cadence.mdv.messaging.MDVASynchronicMessaging] [frontend-pool-1] - Report dir '/home/ugrads/j/jaydenpearson24/AcceleratorUVM/Parameterized-Systolic-Array-Matrix-Multiplication-Accelerator-with-UVM-Verification/coverage_report.txt' already exist.
