xrun: 22.03-s012: (c) Copyright 1995-2023 Cadence Design Systems, Inc.
TOOL:	xrun	22.03-s012: Started on Mar 13, 2026 at 19:38:13 CDT
xrun
	-sv
	-timescale 1ns/1ps
	-access +r
	rtl/pe.sv
	rtl/input_skew.sv
	rtl/systolic_array.sv
	rtl/controller.sv
	rtl/mm_accelerator_top.sv
	tb/directed/tb_mm_accelerator.sv
		Caching library 'worklib' ....... Done
	Elaborating the design hierarchy:
	Top level design units:
		tb_mm_accelerator
xmelab: *W,DSEMEL: This SystemVerilog design will be simulated as per IEEE 1800-2009 SystemVerilog simulation semantics. Use -disable_sem2009 option for turning off SV 2009 simulation semantics.
	Building instance overlay tables: .................... Done
	Generating native compiled code:
		worklib.pe:sv <0x59953cde>
			streams:   5, words:  1511
		worklib.controller:sv <0x4593ab44>
			streams:   5, words:  2214
		worklib.mm_accelerator_top:sv <0x1de407c4>
			streams:   3, words:  1287
		worklib.tb_mm_accelerator:sv <0x5af1e15d>
			streams:  23, words: 32327
		worklib.input_skew:sv <0x4b81cc3b>
			streams:  10, words: 13254
		worklib.systolic_array:sv <0x77999cda>
			streams:  13, words: 15677
	Building instance specific data structures.
	Loading native compiled code:     .................... Done
	Design hierarchy summary:
		                 Instances  Unique
		Modules:                21       6
		Registers:             151      91
		Scalar wires:           32       -
		Vectored wires:         88       -
		Always blocks:          21       6
		Initial blocks:          3       3
		Cont. assignments:      34       7
		Pseudo assignments:     24       9
		Simulation timescale:  1ps
	Writing initial simulation snapshot: worklib.tb_mm_accelerator:sv
Loading snapshot worklib.tb_mm_accelerator:sv .................... Done
xmsim: *W,DSEM2009: This SystemVerilog design is simulated as per IEEE 1800-2009 SystemVerilog simulation semantics. Use -disable_sem2009 option for turning off SV 2009 simulation semantics.
xcelium> source /opt/coe/cadence/XCELIUM/tools/xcelium/files/xmsimrc
xcelium> run

========================================
TEST: All-Zeros
========================================
  PASS — all 16 elements match

========================================
TEST: Identity x Identity
========================================
  PASS — all 16 elements match

========================================
TEST: All-Ones
========================================
  PASS — all 16 elements match

========================================
TEST: Known Random Values
========================================
  PASS — all 16 elements match

========================================
All tests complete
========================================

Simulation complete via $finish(1) at time 795 NS + 0
./tb/directed/tb_mm_accelerator.sv:232         $finish;
xcelium> exit
TOOL:	xrun	22.03-s012: Exiting on Mar 13, 2026 at 19:38:16 CDT  (total: 00:00:03)
